  LeetCode_3Sum.cpp
C:\Program Files\Microsoft Visual Studio\2022\Community\VC\Tools\MSVC\14.30.30705\include\unordered_set(49,99): error C2280: 'std::_Uhash_compare<_Kty,_Hasher,_Keyeq>::_Uhash_compare(const std::_Uhash_compare<_Kty,_Hasher,_Keyeq> &)': 삭제된 함수를 참조하려고 합니다.
          with
          [
              _Kty=std::tuple<int,int,int>,
              _Hasher=std::hash<std::tuple<int,int,int>>,
              _Keyeq=std::equal_to<std::tuple<int,int,int>>
          ]
C:\Program Files\Microsoft Visual Studio\2022\Community\VC\Tools\MSVC\14.30.30705\include\xhash(165): message : 컴파일러에서 여기에 'std::_Uhash_compare<_Kty,_Hasher,_Keyeq>::_Uhash_compare'을(를) 생성했습니다.
          with
          [
              _Kty=std::tuple<int,int,int>,
              _Hasher=std::hash<std::tuple<int,int,int>>,
              _Keyeq=std::equal_to<std::tuple<int,int,int>>
          ]
C:\Program Files\Microsoft Visual Studio\2022\Community\VC\Tools\MSVC\14.30.30705\include\xhash(165,1): message : 'std::_Uhash_compare<_Kty,_Hasher,_Keyeq>::_Uhash_compare(const std::_Uhash_compare<_Kty,_Hasher,_Keyeq> &)': 데이터 멤버이(가) 삭제되거나 액세스할 수 없는 'std::_Compressed_pair<_Hasher,std::_Compressed_pair<_Keyeq,float,true>,true>::_Compressed_pair(const std::_Compressed_pair<_Hasher,std::_Compressed_pair<_Keyeq,float,true>,true> &)' 함수를 호출하므로 함수가 암시적으로 삭제되었습니다.
          with
          [
              _Kty=std::tuple<int,int,int>,
              _Hasher=std::hash<std::tuple<int,int,int>>,
              _Keyeq=std::equal_to<std::tuple<int,int,int>>
          ]
          and
          [
              _Hasher=std::hash<std::tuple<int,int,int>>,
              _Keyeq=std::equal_to<std::tuple<int,int,int>>
          ]
C:\Program Files\Microsoft Visual Studio\2022\Community\VC\Tools\MSVC\14.30.30705\include\xmemory(1380,1): message : 'std::_Compressed_pair<_Hasher,std::_Compressed_pair<_Keyeq,float,true>,true>::_Compressed_pair(const std::_Compressed_pair<_Hasher,std::_Compressed_pair<_Keyeq,float,true>,true> &)': 기본 클래스이(가) 삭제되거나 액세스할 수 없는 'std::hash<std::tuple<int,int,int>>::hash(const std::hash<std::tuple<int,int,int>> &)' 함수를 호출하므로 함수가 암시적으로 삭제되었습니다.
          with
          [
              _Hasher=std::hash<std::tuple<int,int,int>>,
              _Keyeq=std::equal_to<std::tuple<int,int,int>>
          ]
C:\Program Files\Microsoft Visual Studio\2022\Community\VC\Tools\MSVC\14.30.30705\include\type_traits(2118,1): message : 'std::hash<std::tuple<int,int,int>>::hash(const std::hash<std::tuple<int,int,int>> &)': 기본 클래스이(가) 삭제되거나 액세스할 수 없는 'std::_Conditionally_enabled_hash<_Kty,false>::_Conditionally_enabled_hash(const std::_Conditionally_enabled_hash<_Kty,false> &)' 함수를 호출하므로 함수가 암시적으로 삭제되었습니다.
          with
          [
              _Kty=std::tuple<int,int,int>
          ]
C:\Program Files\Microsoft Visual Studio\2022\Community\VC\Tools\MSVC\14.30.30705\include\type_traits(2104,5): message : 'std::_Conditionally_enabled_hash<_Kty,false>::_Conditionally_enabled_hash(const std::_Conditionally_enabled_hash<_Kty,false> &)': 함수가 명시적으로 삭제되었습니다.
          with
          [
              _Kty=std::tuple<int,int,int>
          ]
C:\Program Files\Microsoft Visual Studio\2022\Community\VC\Tools\MSVC\14.30.30705\include\unordered_set(49): message : 클래스 템플릿 멤버 함수 'std::_Uset_traits<_Kty,std::_Uhash_compare<_Kty,_Hasher,_Keyeq>,_Alloc,false>::_Uset_traits(const _Tr &) noexcept(false)'을(를) 컴파일하는 중입니다.
          with
          [
              _Kty=std::tuple<int,int,int>,
              _Hasher=std::hash<std::tuple<int,int,int>>,
              _Keyeq=std::equal_to<std::tuple<int,int,int>>,
              _Alloc=std::allocator<std::tuple<int,int,int>>,
              _Tr=std::_Uhash_compare<std::tuple<int,int,int>,std::hash<std::tuple<int,int,int>>,std::equal_to<std::tuple<int,int,int>>>
          ]
C:\Program Files\Microsoft Visual Studio\2022\Community\VC\Tools\MSVC\14.30.30705\include\xhash(362): message : 컴파일되는 함수 템플릿 인스턴스화 'std::_Uset_traits<_Kty,std::_Uhash_compare<_Kty,_Hasher,_Keyeq>,_Alloc,false>::_Uset_traits(const _Tr &) noexcept(false)'에 대한 참조를 확인하세요.
          with
          [
              _Kty=std::tuple<int,int,int>,
              _Hasher=std::hash<std::tuple<int,int,int>>,
              _Keyeq=std::equal_to<std::tuple<int,int,int>>,
              _Alloc=std::allocator<std::tuple<int,int,int>>,
              _Tr=std::_Uhash_compare<std::tuple<int,int,int>,std::hash<std::tuple<int,int,int>>,std::equal_to<std::tuple<int,int,int>>>
          ]
C:\Program Files\Microsoft Visual Studio\2022\Community\VC\Tools\MSVC\14.30.30705\include\xhash(321): message : 컴파일되는 클래스 템플릿 인스턴스화 'std::_Uset_traits<_Kty,std::_Uhash_compare<_Kty,_Hasher,_Keyeq>,_Alloc,false>'에 대한 참조를 확인하세요.
          with
          [
              _Kty=std::tuple<int,int,int>,
              _Hasher=std::hash<std::tuple<int,int,int>>,
              _Keyeq=std::equal_to<std::tuple<int,int,int>>,
              _Alloc=std::allocator<std::tuple<int,int,int>>
          ]
C:\Program Files\Microsoft Visual Studio\2022\Community\VC\Tools\MSVC\14.30.30705\include\unordered_set(63): message : 컴파일되는 클래스 템플릿 인스턴스화 'std::_Hash<std::_Uset_traits<_Kty,std::_Uhash_compare<_Kty,_Hasher,_Keyeq>,_Alloc,false>>'에 대한 참조를 확인하세요.
          with
          [
              _Kty=std::tuple<int,int,int>,
              _Hasher=std::hash<std::tuple<int,int,int>>,
              _Keyeq=std::equal_to<std::tuple<int,int,int>>,
              _Alloc=std::allocator<std::tuple<int,int,int>>
          ]
D:\MyGit\AlgorithmStudy\Algorithms\LeetCode_3Sum.cpp(12): message : 컴파일되는 클래스 템플릿 인스턴스화 'std::unordered_set<std::tuple<int,int,int>,std::hash<std::tuple<int,int,int>>,std::equal_to<std::tuple<int,int,int>>,std::allocator<std::tuple<int,int,int>>>'에 대한 참조를 확인하세요.
